<?xml version="1.0" encoding="UTF-8"?>
<testsuite name="com.example.springgumball.SpringGumballApplicationTests" tests="1" skipped="0" failures="0" errors="0" timestamp="2021-05-15T18:03:48" hostname="DESKTOP-D493CNC" time="0.575">
  <properties/>
  <testcase name="contextLoads()" classname="com.example.springgumball.SpringGumballApplicationTests" time="0.575"/>
  <system-out><![CDATA[11:03:45.984 [Test worker] DEBUG org.springframework.test.context.BootstrapUtils - Instantiating CacheAwareContextLoaderDelegate from class [org.springframework.test.context.cache.DefaultCacheAwareContextLoaderDelegate]
11:03:46.003 [Test worker] DEBUG org.springframework.test.context.BootstrapUtils - Instantiating BootstrapContext using constructor [public org.springframework.test.context.support.DefaultBootstrapContext(java.lang.Class,org.springframework.test.context.CacheAwareContextLoaderDelegate)]
11:03:46.047 [Test worker] DEBUG org.springframework.test.context.BootstrapUtils - Instantiating TestContextBootstrapper for test class [com.example.springgumball.SpringGumballApplicationTests] from class [org.springframework.boot.test.context.SpringBootTestContextBootstrapper]
11:03:46.064 [Test worker] INFO org.springframework.boot.test.context.SpringBootTestContextBootstrapper - Neither @ContextConfiguration nor @ContextHierarchy found for test class [com.example.springgumball.SpringGumballApplicationTests], using SpringBootContextLoader
11:03:46.070 [Test worker] DEBUG org.springframework.test.context.support.AbstractContextLoader - Did not detect default resource location for test class [com.example.springgumball.SpringGumballApplicationTests]: class path resource [com/example/springgumball/SpringGumballApplicationTests-context.xml] does not exist
11:03:46.071 [Test worker] DEBUG org.springframework.test.context.support.AbstractContextLoader - Did not detect default resource location for test class [com.example.springgumball.SpringGumballApplicationTests]: class path resource [com/example/springgumball/SpringGumballApplicationTestsContext.groovy] does not exist
11:03:46.071 [Test worker] INFO org.springframework.test.context.support.AbstractContextLoader - Could not detect default resource locations for test class [com.example.springgumball.SpringGumballApplicationTests]: no resource found for suffixes {-context.xml, Context.groovy}.
11:03:46.072 [Test worker] INFO org.springframework.test.context.support.AnnotationConfigContextLoaderUtils - Could not detect default configuration classes for test class [com.example.springgumball.SpringGumballApplicationTests]: SpringGumballApplicationTests does not declare any static, non-private, non-final, nested classes annotated with @Configuration.
11:03:46.144 [Test worker] DEBUG org.springframework.test.context.support.ActiveProfilesUtils - Could not find an 'annotation declaring class' for annotation type [org.springframework.test.context.ActiveProfiles] and class [com.example.springgumball.SpringGumballApplicationTests]
11:03:46.220 [Test worker] DEBUG org.springframework.context.annotation.ClassPathScanningCandidateComponentProvider - Identified candidate component class: file [/mnt/c/Users/annac/Cmpe 172/Lab10/spring-gumball/build/classes/java/main/com/example/springgumball/SpringGumballApplication.class]
11:03:46.222 [Test worker] INFO org.springframework.boot.test.context.SpringBootTestContextBootstrapper - Found @SpringBootConfiguration com.example.springgumball.SpringGumballApplication for test class com.example.springgumball.SpringGumballApplicationTests
11:03:46.358 [Test worker] DEBUG org.springframework.boot.test.context.SpringBootTestContextBootstrapper - @TestExecutionListeners is not present for class [com.example.springgumball.SpringGumballApplicationTests]: using defaults.
11:03:46.359 [Test worker] INFO org.springframework.boot.test.context.SpringBootTestContextBootstrapper - Loaded default TestExecutionListener class names from location [META-INF/spring.factories]: [org.springframework.boot.test.autoconfigure.restdocs.RestDocsTestExecutionListener, org.springframework.boot.test.autoconfigure.web.client.MockRestServiceServerResetTestExecutionListener, org.springframework.boot.test.autoconfigure.web.servlet.MockMvcPrintOnlyOnFailureTestExecutionListener, org.springframework.boot.test.autoconfigure.web.servlet.WebDriverTestExecutionListener, org.springframework.boot.test.autoconfigure.webservices.client.MockWebServiceServerTestExecutionListener, org.springframework.boot.test.mock.mockito.MockitoTestExecutionListener, org.springframework.boot.test.mock.mockito.ResetMocksTestExecutionListener, org.springframework.test.context.web.ServletTestExecutionListener, org.springframework.test.context.support.DirtiesContextBeforeModesTestExecutionListener, org.springframework.test.context.event.ApplicationEventsTestExecutionListener, org.springframework.test.context.support.DependencyInjectionTestExecutionListener, org.springframework.test.context.support.DirtiesContextTestExecutionListener, org.springframework.test.context.transaction.TransactionalTestExecutionListener, org.springframework.test.context.jdbc.SqlScriptsTestExecutionListener, org.springframework.test.context.event.EventPublishingTestExecutionListener]
11:03:46.398 [Test worker] DEBUG org.springframework.boot.test.context.SpringBootTestContextBootstrapper - Skipping candidate TestExecutionListener [org.springframework.test.context.transaction.TransactionalTestExecutionListener] due to a missing dependency. Specify custom listener classes or make the default listener classes and their required dependencies available. Offending class: [org.springframework.transaction.interceptor.TransactionAttributeSource]
11:03:46.400 [Test worker] DEBUG org.springframework.boot.test.context.SpringBootTestContextBootstrapper - Skipping candidate TestExecutionListener [org.springframework.test.context.jdbc.SqlScriptsTestExecutionListener] due to a missing dependency. Specify custom listener classes or make the default listener classes and their required dependencies available. Offending class: [org.springframework.transaction.interceptor.TransactionAttribute]
11:03:46.400 [Test worker] INFO org.springframework.boot.test.context.SpringBootTestContextBootstrapper - Using TestExecutionListeners: [org.springframework.test.context.web.ServletTestExecutionListener@e1175cee, org.springframework.test.context.support.DirtiesContextBeforeModesTestExecutionListener@466e8941, org.springframework.test.context.event.ApplicationEventsTestExecutionListener@c0cb0ee3, org.springframework.boot.test.mock.mockito.MockitoTestExecutionListener@61213b1c, org.springframework.boot.test.autoconfigure.SpringBootDependencyInjectionTestExecutionListener@1d9118fc, org.springframework.test.context.support.DirtiesContextTestExecutionListener@f1b45913, org.springframework.test.context.event.EventPublishingTestExecutionListener@d5718753, org.springframework.boot.test.autoconfigure.restdocs.RestDocsTestExecutionListener@6658052f, org.springframework.boot.test.autoconfigure.web.client.MockRestServiceServerResetTestExecutionListener@9a50f82b, org.springframework.boot.test.autoconfigure.web.servlet.MockMvcPrintOnlyOnFailureTestExecutionListener@46297e12, org.springframework.boot.test.autoconfigure.web.servlet.WebDriverTestExecutionListener@888bff7e, org.springframework.boot.test.autoconfigure.webservices.client.MockWebServiceServerTestExecutionListener@23a80a7c, org.springframework.boot.test.mock.mockito.ResetMocksTestExecutionListener@b45d6468]
11:03:46.407 [Test worker] DEBUG org.springframework.test.context.support.AbstractDirtiesContextTestExecutionListener - Before test class: context [DefaultTestContext@e2321cb2 testClass = SpringGumballApplicationTests, testInstance = [null], testMethod = [null], testException = [null], mergedContextConfiguration = [WebMergedContextConfiguration@1d1abe09 testClass = SpringGumballApplicationTests, locations = '{}', classes = '{class com.example.springgumball.SpringGumballApplication}', contextInitializerClasses = '[]', activeProfiles = '{}', propertySourceLocations = '{}', propertySourceProperties = '{org.springframework.boot.test.context.SpringBootTestContextBootstrapper=true}', contextCustomizers = set[org.springframework.boot.test.autoconfigure.actuate.metrics.MetricsExportContextCustomizerFactory$DisableMetricExportContextCustomizer@399feba, org.springframework.boot.test.autoconfigure.properties.PropertyMappingContextCustomizer@0, org.springframework.boot.test.autoconfigure.web.servlet.WebDriverContextCustomizerFactory$Customizer@302ebbfb, org.springframework.boot.test.context.filter.ExcludeFilterContextCustomizer@6bfcae9c, org.springframework.boot.test.json.DuplicateJsonObjectContextCustomizerFactory$DuplicateJsonObjectContextCustomizer@50d0a134, org.springframework.boot.test.mock.mockito.MockitoContextCustomizer@0, org.springframework.boot.test.web.client.TestRestTemplateContextCustomizer@957225d8, org.springframework.boot.test.context.SpringBootTestArgs@1, org.springframework.boot.test.context.SpringBootTestWebEnvironment@de7a3933], resourceBasePath = 'src/main/webapp', contextLoader = 'org.springframework.boot.test.context.SpringBootContextLoader', parent = [null]], attributes = map['org.springframework.test.context.web.ServletTestExecutionListener.activateListener' -> true]], class annotated with @DirtiesContext [false] with mode [null].
11:03:46.472 [Test worker] DEBUG org.springframework.test.context.support.TestPropertySourceUtils - Adding inlined properties to environment: {spring.jmx.enabled=false, org.springframework.boot.test.context.SpringBootTestContextBootstrapper=true}

  .   ____          _            __ _ _
 /\\ / ___'_ __ _ _(_)_ __  __ _ \ \ \ \
( ( )\___ | '_ | '_| | '_ \/ _` | \ \ \ \
 \\/  ___)| |_)| | | | | || (_| |  ) ) ) )
  '  |____| .__|_| |_|_| |_\__, | / / / /
 =========|_|==============|___/=/_/_/_/
 :: Spring Boot ::                (v2.4.2)

2021-05-15 11:03:46.808  INFO 305 --- [    Test worker] c.e.s.SpringGumballApplicationTests      : Starting SpringGumballApplicationTests using Java 11.0.10 on DESKTOP-D493CNC with PID 305 (started by lelilel in /mnt/c/Users/annac/Cmpe 172/Lab10/spring-gumball)
2021-05-15 11:03:46.810  INFO 305 --- [    Test worker] c.e.s.SpringGumballApplicationTests      : No active profile set, falling back to default profiles: default
2021-05-15 11:03:48.292  INFO 305 --- [    Test worker] o.s.s.concurrent.ThreadPoolTaskExecutor  : Initializing ExecutorService 'applicationTaskExecutor'
2021-05-15 11:03:48.791  INFO 305 --- [    Test worker] c.e.s.SpringGumballApplicationTests      : Started SpringGumballApplicationTests in 2.301 seconds (JVM running for 3.632)
]]></system-out>
  <system-err><![CDATA[]]></system-err>
</testsuite>
